2026-04-09 19:46:58:4658 [32minfo[39m: [32mMongoDB Connected: localhost[39m
2026-04-09 19:46:58:4658 [32minfo[39m: [32mAlert Worker initialized and listening for jobs...[39m
2026-04-09 19:46:58:4658 [32minfo[39m: [32mServer is running on http://localhost:5000[39m
2026-04-09 19:49:31:4931 [32minfo[39m: [32mMongoDB Connected: localhost[39m
2026-04-09 19:49:31:4931 [32minfo[39m: [32mAlert Worker initialized and listening for jobs...[39m
2026-04-09 19:49:31:4931 [32minfo[39m: [32mServer is running on http://localhost:5000[39m
2026-04-09 19:50:03:503 [32minfo[39m: [32mMongoDB Connected: localhost[39m
2026-04-09 19:50:03:503 [32minfo[39m: [32mAlert Worker initialized and listening for jobs...[39m
2026-04-09 19:50:03:503 [32minfo[39m: [32mServer is running on http://localhost:5000[39m
2026-04-09 19:50:53:5053 [35mhttp[39m: [35m[0mPOST /api/v1/auth/register [32m201[0m 1253.332 ms - 262[0m[39m
2026-04-09 19:51:10:5110 [35mhttp[39m: [35m[0mPOST /api/v1/auth/login [32m200[0m 743.269 ms - 478[0m[39m
2026-04-09 19:51:29:5129 [35mhttp[39m: [35m[0mGET /api/v1/users/me [32m200[0m 16.948 ms - 267[0m[39m
2026-04-09 19:51:50:5150 [35mhttp[39m: [35m[0mPOST /api/v1/monitor [32m201[0m 18.976 ms - 459[0m[39m
2026-04-09 19:51:50:5150 [32minfo[39m: [32mJob enqueued: alert-processing for alert 69d7aef607ea6db2c304d657[39m
2026-04-09 19:51:50:5150 [32minfo[39m: [32mProcessing job 11 for alert 69d7aef607ea6db2c304d657[39m
2026-04-09 19:51:50:5150 [32minfo[39m: [32mCache HIT: ai_cache:BillingGateway:200:Zero Records Returned[39m
2026-04-09 19:51:54:5154 [32minfo[39m: [32mHigh-severity alert email sent: <2b05dd0b-fffa-346b-d285-8b84640f03b2@localhost>[39m
2026-04-09 19:51:54:5154 [32minfo[39m: [32mSuccessfully processed alert 69d7aef607ea6db2c304d657[39m
2026-04-09 19:51:54:5154 [32minfo[39m: [32mJob 11 completed successfully[39m
2026-04-09 19:53:03:533 [35mhttp[39m: [35m[0mGET /api/v1/alerts/69d7a71dc241dffeec600dad [32m200[0m 10.067 ms - 930[0m[39m
